This is e-pTeX, Version 3.14159265-p3.7.1-161114-2.6 (utf8.euc) (TeX Live 2017) (preloaded format=platex 2018.1.3)  23 MAY 2018 08:34
entering extended mode
 restricted \write18 enabled.
 file:line:error style messages enabled.
 %&-line parsing enabled.
**exp2_work6.tex
(./exp2_work6.tex
pLaTeX2e <2017/10/28>+3 (based on LaTeX2e <2017-04-15>)
Babel <3.15> and hyphenation patterns for 84 language(s) loaded.
(/usr/local/texlive/2016/texmf-dist/tex/platex/base/jarticle.cls
Document Class: jarticle 2017/09/19 v1.7g Standard pLaTeX class
\c@@paper=\count82
(/usr/local/texlive/2016/texmf-dist/tex/platex/base/jsize12.clo
File: jsize12.clo 2017/09/19 v1.7g Standard pLaTeX file (size option)
)
\c@part=\count83
\c@section=\count84
\c@subsection=\count85
\c@subsubsection=\count86
\c@paragraph=\count87
\c@subparagraph=\count88
\c@figure=\count89
\c@table=\count90
\abovecaptionskip=\skip41
\belowcaptionskip=\skip42
\symmincho=\mathgroup4
LaTeX Font Info:    Overwriting symbol font `mincho' in version `bold'
(Font)                  JY1/mc/m/n --> JY1/gt/m/n on input line 613.
\toclineskip=\dimen118
\@lnumwidth=\dimen119
\bibindent=\dimen120
\heisei=\count91
)
(/usr/local/texlive/2016/texmf-dist/tex/latex/graphics/graphicx.sty
Package: graphicx 2017/06/01 v1.1a Enhanced LaTeX Graphics (DPC,SPQR)

(/usr/local/texlive/2016/texmf-dist/tex/latex/graphics/keyval.sty
Package: keyval 2014/10/28 v1.15 key=value parser (DPC)
\KV@toks@=\toks15
)
(/usr/local/texlive/2016/texmf-dist/tex/latex/graphics/graphics.sty
Package: graphics 2017/06/25 v1.2c Standard LaTeX Graphics (DPC,SPQR)

(/usr/local/texlive/2016/texmf-dist/tex/latex/graphics/trig.sty
Package: trig 2016/01/03 v1.10 sin cos tan (DPC)
)
(/usr/local/texlive/2016/texmf-dist/tex/latex/graphics-cfg/graphics.cfg
File: graphics.cfg 2016/06/04 v1.11 sample graphics configuration
)
Package graphics Info: Driver file: dvipdfmx.def on input line 99.

(/usr/local/texlive/2016/texmf-dist/tex/latex/graphics-def/dvipdfmx.def
File: dvipdfmx.def 2017/06/24 v5.0g Graphics/color driver for dvipdfmx
))
\Gin@req@height=\dimen121
\Gin@req@width=\dimen122
)
(/usr/local/texlive/2016/texmf-dist/tex/latex/graphics/color.sty
Package: color 2016/07/10 v1.1e Standard LaTeX Color (DPC)

(/usr/local/texlive/2016/texmf-dist/tex/latex/graphics-cfg/color.cfg
File: color.cfg 2016/01/02 v1.6 sample color configuration
)
Package color Info: Driver file: dvipdfmx.def on input line 147.

(/usr/local/texlive/2016/texmf-dist/tex/latex/graphics/dvipsnam.def
File: dvipsnam.def 2016/06/17 v3.0m Driver-dependent file (DPC,SPQR)
))
(/usr/local/texlive/2016/texmf-dist/tex/latex/tools/tabularx.sty
Package: tabularx 2016/02/03 v2.11 `tabularx' package (DPC)

(/usr/local/texlive/2016/texmf-dist/tex/latex/tools/array.sty
Package: array 2016/10/06 v2.4d Tabular extension package (FMi)
\col@sep=\dimen123
\extrarowheight=\dimen124
\NC@list=\toks16
\extratabsurround=\skip43
\backup@length=\skip44
)
\TX@col@width=\dimen125
\TX@old@table=\dimen126
\TX@old@col=\dimen127
\TX@target=\dimen128
\TX@delta=\dimen129
\TX@cols=\count92
\TX@ftn=\toks17
)
(./exp2_work6.aux)
\openout1 = `exp2_work6.aux'.

LaTeX Font Info:    Checking defaults for OML/cmm/m/it on input line 11.
LaTeX Font Info:    ... okay on input line 11.
LaTeX Font Info:    Checking defaults for T1/cmr/m/n on input line 11.
LaTeX Font Info:    ... okay on input line 11.
LaTeX Font Info:    Checking defaults for OT1/cmr/m/n on input line 11.
LaTeX Font Info:    ... okay on input line 11.
LaTeX Font Info:    Checking defaults for OMS/cmsy/m/n on input line 11.
LaTeX Font Info:    ... okay on input line 11.
LaTeX Font Info:    Checking defaults for OMX/cmex/m/n on input line 11.
LaTeX Font Info:    ... okay on input line 11.
LaTeX Font Info:    Checking defaults for U/cmr/m/n on input line 11.
LaTeX Font Info:    ... okay on input line 11.
LaTeX Font Info:    Checking defaults for JY1/mc/m/n on input line 11.
LaTeX Font Info:    ... okay on input line 11.
LaTeX Font Info:    Checking defaults for JT1/mc/m/n on input line 11.
LaTeX Font Info:    ... okay on input line 11.
LaTeX Font Info:    Font shape `JT1/mc/bx/n' in size <17.28> not available
(Font)              Font shape `JT1/gt/m/n' tried instead on input line 13.
LaTeX Font Info:    Font shape `JY1/mc/bx/n' in size <17.28> not available
(Font)              Font shape `JY1/gt/m/n' tried instead on input line 13.
LaTeX Font Info:    Font shape `JT1/mc/bx/n' in size <14.4> not available
(Font)              Font shape `JT1/gt/m/n' tried instead on input line 18.
LaTeX Font Info:    Font shape `JY1/mc/bx/n' in size <14.4> not available
(Font)              Font shape `JY1/gt/m/n' tried instead on input line 18.
LaTeX Font Info:    External font `cmex10' loaded for size
(Font)              <12> on input line 20.
LaTeX Font Info:    External font `cmex10' loaded for size
(Font)              <8> on input line 20.
LaTeX Font Info:    External font `cmex10' loaded for size
(Font)              <6> on input line 20.
 [1

]
LaTeX Font Info:    Try loading font information for OMS+cmr on input line 48.

(/usr/local/texlive/2016/texmf-dist/tex/latex/base/omscmr.fd
File: omscmr.fd 2014/09/29 v2.5h Standard LaTeX font definitions
)
LaTeX Font Info:    Font shape `OMS/cmr/m/n' in size <12> not available
(Font)              Font shape `OMS/cmsy/m/n' tried instead on input line 48.
 [2]
File: NaCL_plot.png Graphic file (type bmp)
<NaCL_plot.png>

Overfull \hbox (70.37276pt too wide) in paragraph at lines 97--109
 [] 
 []

File: NaCL_im00.png Graphic file (type bmp)
<NaCL_im00.png>

Overfull \hbox (41.62204pt too wide) in paragraph at lines 120--123
 [] 
 []

File: NaCL_im05.png Graphic file (type bmp)
<NaCL_im05.png>

Overfull \hbox (41.62204pt too wide) in paragraph at lines 129--132
 [] 
 []


Overfull \hbox (15.91663pt too wide) in paragraph at lines 115--136
 [] 
 []

File: KCL_plot.png Graphic file (type bmp)
<KCL_plot.png>
[3] [4]
Overfull \hbox (64.49782pt too wide) in paragraph at lines 158--170
 [] 
 []

File: KCL_im00.png Graphic file (type bmp)
<KCL_im00.png>

Overfull \hbox (41.62204pt too wide) in paragraph at lines 181--184
 [] 
 []

File: KCL_im05.png Graphic file (type bmp)
<KCL_im05.png>

Overfull \hbox (41.62204pt too wide) in paragraph at lines 190--193
 [] 
 []


Overfull \hbox (15.91663pt too wide) in paragraph at lines 176--197
 [] 
 []

File: Al_plot.png Graphic file (type bmp)
<Al_plot.png>
File: Al_im00.png Graphic file (type bmp)
<Al_im00.png>

Overfull \hbox (41.62204pt too wide) in paragraph at lines 243--246
 [] 
 []

File: Al_im05.png Graphic file (type bmp)
<Al_im05.png>

Overfull \hbox (41.62204pt too wide) in paragraph at lines 252--255
 [] 
 []


Overfull \hbox (15.91663pt too wide) in paragraph at lines 238--259
 [] 
 []

[5] [6] [7]
File: py_1.png Graphic file (type bmp)
<py_1.png>

Overfull \hbox (26.33858pt too wide) in paragraph at lines 291--292
 [] 
 []

File: py_2.png Graphic file (type bmp)
<py_2.png>
File: py_3.png Graphic file (type bmp)
<py_3.png>
File: py_4.png Graphic file (type bmp)
<py_4.png>

Overfull \hbox (26.33858pt too wide) in paragraph at lines 298--301
 [] 
 []


Overfull \hbox (26.33858pt too wide) in paragraph at lines 298--301
 [] 
 []


Overfull \hbox (26.33858pt too wide) in paragraph at lines 298--301
 [] 
 []


LaTeX Warning: Float too large for page by 32.19827pt on input line 302.

[8] [9] [10] (./exp2_work6.aux) ) 
Here is how much of TeX's memory you used:
 1036 strings out of 493643
 13973 string characters out of 6148758
 74204 words of memory out of 5000000
 4641 multiletter control sequences out of 15000+600000
 13858 words of font info for 54 fonts, out of 8000000 for 9000
 929 hyphenation exceptions out of 8191
 25i,11n,21p,215b,478s stack positions out of 5000i,500n,10000p,200000b,80000s

Output written on exp2_work6.dvi (10 pages, 15536 bytes).
